<?xml version="1.0" encoding="UTF-8"?>
<!-- Generated by org.testng.reporters.JUnitXMLReporter -->
<testsuite ignored="0" hostname="RSIPLM2" failures="0" tests="10" name="Test" time="210.614" errors="0" timestamp="2025-07-14T16:47:58 IST">
  <testcase classname="Testcases.AllTestCases" name="setTrains" time="20.309"/>
  <testcase classname="Testcases.AllTestCases" name="searchPlace" time="19.442"/>
  <testcase classname="Testcases.AllTestCases" name="toPlace" time="12.285"/>
  <testcase classname="Testcases.AllTestCases" name="selectDepartureDate" time="13.659"/>
  <testcase classname="Testcases.AllTestCases" name="setClass" time="1.173"/>
  <testcase classname="Testcases.AllTestCases" name="search" time="27.658"/>
  <testcase classname="Testcases.AllTestCases" name="chooseSort" time="1.377"/>
  <testcase classname="Testcases.AllTestCases" name="setFilter" time="3.627"/>
  <testcase classname="Testcases.AllTestCases" name="selectTrain" time="48.104"/>
  <testcase classname="Testcases.AllTestCases" name="takePicture" time="18.716"/>
</testsuite> <!-- Test -->
