<?xml version="1.0" encoding="UTF-8"?>
<testng-results ignored="0" total="1" passed="1" failed="0" skipped="0">
  <reporter-output>
  </reporter-output>
  <suite started-at="2025-08-12T11:55:51 IST" name="Suite" finished-at="2025-08-12T11:56:30 IST" duration-ms="38667">
    <groups>
      <group name="cucumber">
        <method signature="AbstractTestNGCucumberTests.runScenario(io.cucumber.testng.PickleWrapper,io.cucumber.testng.FeatureWrapper)[pri:0, instance:TestRunner.TestRunner@799f10e1]" name="runScenario" class="io.cucumber.testng.AbstractTestNGCucumberTests"/>
      </group> <!-- cucumber -->
    </groups>
    <test started-at="2025-08-12T11:55:51 IST" name="Test" finished-at="2025-08-12T11:56:30 IST" duration-ms="38667">
      <class name="TestRunner.TestRunner">
        <test-method is-config="true" signature="setUpClass(org.testng.ITestContext)[pri:0, instance:TestRunner.TestRunner@799f10e1]" started-at="2025-08-12T11:55:52 IST" name="setUpClass" finished-at="2025-08-12T11:56:27 IST" duration-ms="35665" status="PASS">
          <params>
            <param index="0">
              <value>
                <![CDATA[org.testng.TestRunner@11e33bac]]>
              </value>
            </param>
          </params>
          <reporter-output>
          </reporter-output>
        </test-method> <!-- setUpClass -->
        <test-method signature="runScenario(io.cucumber.testng.PickleWrapper,io.cucumber.testng.FeatureWrapper)[pri:0, instance:TestRunner.TestRunner@799f10e1]" started-at="2025-08-12T11:56:27 IST" name="runScenario" description="Runs Cucumber Scenarios" data-provider="scenarios" finished-at="2025-08-12T11:56:29 IST" duration-ms="2133" status="PASS">
          <params>
            <param index="0">
              <value>
                <![CDATA["To Book a Train Ticket from different places"]]>
              </value>
            </param>
            <param index="1">
              <value>
                <![CDATA["To validate the MakeMyTrip functionality"]]>
              </value>
            </param>
          </params>
          <reporter-output>
          </reporter-output>
        </test-method> <!-- runScenario -->
        <test-method is-config="true" signature="tearDownClass()[pri:0, instance:TestRunner.TestRunner@799f10e1]" started-at="2025-08-12T11:56:29 IST" name="tearDownClass" finished-at="2025-08-12T11:56:30 IST" duration-ms="108" status="PASS">
          <reporter-output>
          </reporter-output>
        </test-method> <!-- tearDownClass -->
      </class> <!-- TestRunner.TestRunner -->
    </test> <!-- Test -->
  </suite> <!-- Suite -->
</testng-results>
