<?xml version="1.0" encoding="UTF-8"?>
<testsuite xmlns:xsi="http://www.w3.org/2001/XMLSchema-instance" xsi:noNamespaceSchemaLocation="https://maven.apache.org/surefire/maven-surefire-plugin/xsd/surefire-test-report-3.0.xsd" version="3.0" name="TestSuite" time="49.667" tests="1" errors="0" skipped="0" failures="0">
  <properties>
[...]
</properties>
  <testcase name="runScenario[&quot;To Book a Train Ticket from different places&quot;, &quot;To validate the MakeMyTrip functionality&quot;](1)" classname="TestRunner.TestRunner" time="2.135">
    <system-out><![CDATA[
@dataTable
Scenario: To Book a Train Ticket from different places                              # src/test/resources/features/MakeMyTrip.feature:73
  Given Launch the browser and navigate to URL                                      # Stepdefinitions.Multiplesearchsteps.launch_the_browser_and_navigate_to_url()
  And close the Browser                                                             # Stepdefinitions.MakeMyTripSearchteststeps.close_the_browser()
  When Enter "<from>", "<to>", "<travelMonth>", "<travelDay>", "<Class>" for Trains # Stepdefinitions.Datatablesteps.enter_for_trains(java.lang.String,java.lang.String,java.lang.String,java.lang.String,java.lang.String,io.cucumber.datatable.DataTable)
    | from      | to        | travelMonth | travelDay | Class         |
    | Hyderabad | Delhi     | July 2025   | 20        | All Class     |
    | Mumbai    | Bangalore | July 2025   | 29        | Sleeper Class |
    | Chennai   | Kolkata   | August 2025 | 30        | All Class     |
  When Select AC, Ticket Type, Quota for the trains                                 # Stepdefinitions.Datatablesteps.select_ac_ticket_type_quota_for_the_trains()
  Then choose on the preferred train                                                # Stepdefinitions.Datatablesteps.choose_on_the_preferred_train()
  And Take a Screenshot                                                             # Stepdefinitions.Datatablesteps.take_a_screenshot()
]]></system-out>
    <system-err><![CDATA[SLF4J: Failed to load class "org.slf4j.impl.StaticLoggerBinder".
SLF4J: Defaulting to no-operation (NOP) logger implementation
SLF4J: See http://www.slf4j.org/codes.html#StaticLoggerBinder for further details.
]]></system-err>
  </testcase>
</testsuite>