<?xml version="1.0" encoding="UTF-8"?>
<testng-results ignored="0" total="1" passed="1" failed="0" skipped="0">
  <reporter-output>
  </reporter-output>
  <suite started-at="2025-08-12T13:43:46 IST" name="Default suite" finished-at="2025-08-12T13:46:29 IST" duration-ms="162813">
    <groups>
      <group name="cucumber">
        <method signature="AbstractTestNGCucumberTests.runScenario(io.cucumber.testng.PickleWrapper,io.cucumber.testng.FeatureWrapper)[pri:0, instance:TestRunner.TestRunner2@623a8092]" name="runScenario" class="io.cucumber.testng.AbstractTestNGCucumberTests"/>
      </group> <!-- cucumber -->
    </groups>
    <test started-at="2025-08-12T13:43:46 IST" name="Default test" finished-at="2025-08-12T13:46:29 IST" duration-ms="162813">
      <class name="TestRunner.TestRunner2">
        <test-method is-config="true" signature="setUpClass(org.testng.ITestContext)[pri:0, instance:TestRunner.TestRunner2@623a8092]" started-at="2025-08-12T13:43:46 IST" name="setUpClass" finished-at="2025-08-12T13:43:47 IST" duration-ms="946" status="PASS">
          <params>
            <param index="0">
              <value>
                <![CDATA[org.testng.TestRunner@507f47f9]]>
              </value>
            </param>
          </params>
          <reporter-output>
          </reporter-output>
        </test-method> <!-- setUpClass -->
        <test-method signature="runScenario(io.cucumber.testng.PickleWrapper,io.cucumber.testng.FeatureWrapper)[pri:0, instance:TestRunner.TestRunner2@623a8092]" started-at="2025-08-12T13:43:47 IST" name="runScenario" description="Runs Cucumber Scenarios" data-provider="scenarios" finished-at="2025-08-12T13:46:29 IST" duration-ms="161624" status="PASS">
          <params>
            <param index="0">
              <value>
                <![CDATA["To Book a Train Ticket"]]>
              </value>
            </param>
            <param index="1">
              <value>
                <![CDATA["To validate the MakeMyTrip functionality"]]>
              </value>
            </param>
          </params>
          <reporter-output>
          </reporter-output>
        </test-method> <!-- runScenario -->
        <test-method is-config="true" signature="tearDownClass()[pri:0, instance:TestRunner.TestRunner2@623a8092]" started-at="2025-08-12T13:46:29 IST" name="tearDownClass" finished-at="2025-08-12T13:46:29 IST" duration-ms="188" status="PASS">
          <reporter-output>
          </reporter-output>
        </test-method> <!-- tearDownClass -->
      </class> <!-- TestRunner.TestRunner2 -->
    </test> <!-- Default test -->
  </suite> <!-- Default suite -->
</testng-results>
